[debug] [2022-11-01T05:58:54.721Z] ----------------------------------------------------------------------
[debug] [2022-11-01T05:58:54.724Z] Command:       C:\Program Files\nodejs\node.exe C:\Users\Valeria\AppData\Roaming\npm\node_modules\firebase-tools\lib\bin\firebase.js init
[debug] [2022-11-01T05:58:54.725Z] CLI Version:   11.15.0
[debug] [2022-11-01T05:58:54.725Z] Platform:      win32
[debug] [2022-11-01T05:58:54.725Z] Node Version:  v16.17.1
[debug] [2022-11-01T05:58:54.727Z] Time:          Tue Nov 01 2022 02:58:54 GMT-0300 (hora estándar de Argentina)
[debug] [2022-11-01T05:58:54.727Z] ----------------------------------------------------------------------
[debug] 
[debug] [2022-11-01T05:58:54.739Z] > command requires scopes: ["email","openid","https://www.googleapis.com/auth/cloudplatformprojects.readonly","https://www.googleapis.com/auth/firebase","https://www.googleapis.com/auth/cloud-platform"]
[debug] [2022-11-01T05:58:54.740Z] > authorizing via signed-in user (flexnov4@gmail.com)
[info] 
     ######## #### ########  ######## ########     ###     ######  ########
     ##        ##  ##     ## ##       ##     ##  ##   ##  ##       ##
     ######    ##  ########  ######   ########  #########  ######  ######
     ##        ##  ##    ##  ##       ##     ## ##     ##       ## ##
     ##       #### ##     ## ######## ########  ##     ##  ######  ########

You're about to initialize a Firebase project in this directory:

  C:\Argentina Programa\Proyecto.arg-LautaroPaz\Portfolio.app\FrontEnd

Before we get started, keep in mind:

  * You are currently outside your home directory

